22/06/2017 - 18:40:01 => ----------------------
22/06/2017 - 18:40:01 => |PROGRAM OUT: INIT AGENT - 2017-06-22|
22/06/2017 - 18:40:01 => ----------------------
22/06/2017 - 18:40:01 => ----------------------
22/06/2017 - 18:40:01 => |PROGRAM OUT: LOGs - Search for more than 15 days old|
22/06/2017 - 18:40:01 => ----------------------
22/06/2017 - 18:40:01 => ----------------------
22/06/2017 - 18:40:01 => |PROGRAM OUT: File rotate|
22/06/2017 - 18:40:01 => ----------------------
22/06/2017 - 18:40:01 => OLD LINES : 3320 - > NEW LINES : 0 -> DIFF LINES : 0
22/06/2017 - 18:40:01 => ----------------------
22/06/2017 - 18:40:01 => |PROGRAM OUT: NO NEW LINES|
22/06/2017 - 18:40:01 => ----------------------
22/06/2017 - 18:40:01 => ----------------------
22/06/2017 - 18:40:01 => |PROGRAM OUT: END AGENT - 2017-06-22|
22/06/2017 - 18:40:01 => ----------------------
22/06/2017 - 18:42:02 => ----------------------
22/06/2017 - 18:42:02 => |PROGRAM OUT: INIT AGENT - 2017-06-22|
22/06/2017 - 18:42:02 => ----------------------
22/06/2017 - 18:42:02 => ----------------------
22/06/2017 - 18:42:02 => |PROGRAM OUT: LOGs - Search for more than 15 days old|
22/06/2017 - 18:42:02 => ----------------------
22/06/2017 - 18:42:02 => ----------------------
22/06/2017 - 18:42:02 => |PROGRAM OUT: File rotate|
22/06/2017 - 18:42:02 => ----------------------
22/06/2017 - 18:42:02 => OLD LINES : 3320 - > NEW LINES : 0 -> DIFF LINES : 0
22/06/2017 - 18:42:02 => ----------------------
22/06/2017 - 18:42:02 => |PROGRAM OUT: NO NEW LINES|
22/06/2017 - 18:42:02 => ----------------------
22/06/2017 - 18:42:02 => ----------------------
22/06/2017 - 18:42:02 => |PROGRAM OUT: END AGENT - 2017-06-22|
22/06/2017 - 18:42:02 => ----------------------
22/06/2017 - 18:44:01 => ----------------------
22/06/2017 - 18:44:01 => |PROGRAM OUT: INIT AGENT - 2017-06-22|
22/06/2017 - 18:44:01 => ----------------------
22/06/2017 - 18:44:01 => ----------------------
22/06/2017 - 18:44:01 => |PROGRAM OUT: LOGs - Search for more than 15 days old|
22/06/2017 - 18:44:01 => ----------------------
22/06/2017 - 18:44:01 => ----------------------
22/06/2017 - 18:44:01 => |PROGRAM OUT: File rotate|
22/06/2017 - 18:44:01 => ----------------------
22/06/2017 - 18:44:01 => OLD LINES : 3320 - > NEW LINES : 0 -> DIFF LINES : 0
22/06/2017 - 18:44:01 => ----------------------
22/06/2017 - 18:44:01 => |PROGRAM OUT: NO NEW LINES|
22/06/2017 - 18:44:01 => ----------------------
22/06/2017 - 18:44:01 => ----------------------
22/06/2017 - 18:44:01 => |PROGRAM OUT: END AGENT - 2017-06-22|
22/06/2017 - 18:44:01 => ----------------------
22/06/2017 - 18:46:01 => ----------------------
22/06/2017 - 18:46:01 => |PROGRAM OUT: INIT AGENT - 2017-06-22|
22/06/2017 - 18:46:01 => ----------------------
22/06/2017 - 18:46:01 => ----------------------
22/06/2017 - 18:46:01 => |PROGRAM OUT: LOGs - Search for more than 15 days old|
22/06/2017 - 18:46:01 => ----------------------
22/06/2017 - 18:46:01 => ----------------------
22/06/2017 - 18:46:01 => |PROGRAM OUT: File rotate|
22/06/2017 - 18:46:01 => ----------------------
22/06/2017 - 18:46:01 => OLD LINES : 3320 - > NEW LINES : 0 -> DIFF LINES : 0
22/06/2017 - 18:46:01 => ----------------------
22/06/2017 - 18:46:01 => |PROGRAM OUT: NO NEW LINES|
22/06/2017 - 18:46:01 => ----------------------
22/06/2017 - 18:46:01 => ----------------------
22/06/2017 - 18:46:01 => |PROGRAM OUT: END AGENT - 2017-06-22|
22/06/2017 - 18:46:01 => ----------------------
22/06/2017 - 18:48:01 => ----------------------
22/06/2017 - 18:48:01 => |PROGRAM OUT: INIT AGENT - 2017-06-22|
22/06/2017 - 18:48:01 => ----------------------
22/06/2017 - 18:48:01 => ----------------------
22/06/2017 - 18:48:01 => |PROGRAM OUT: LOGs - Search for more than 15 days old|
22/06/2017 - 18:48:01 => ----------------------
22/06/2017 - 18:48:01 => ----------------------
22/06/2017 - 18:48:01 => |PROGRAM OUT: File rotate|
22/06/2017 - 18:48:01 => ----------------------
22/06/2017 - 18:48:01 => OLD LINES : 3320 - > NEW LINES : 0 -> DIFF LINES : 0
22/06/2017 - 18:48:01 => ----------------------
22/06/2017 - 18:48:01 => |PROGRAM OUT: NO NEW LINES|
22/06/2017 - 18:48:01 => ----------------------
22/06/2017 - 18:48:01 => ----------------------
22/06/2017 - 18:48:01 => |PROGRAM OUT: END AGENT - 2017-06-22|
22/06/2017 - 18:48:01 => ----------------------
